{"/Users/dung.nguyent/Desktop/Project/packages/money-to-text-vn/src/constants/index.ts": {"path":"/Users/dung.nguyent/Desktop/Project/packages/money-to-text-vn/src/constants/index.ts","statementMap":{"0":{"start":{"line":1,"column":0},"end":{"line":1,"column":28}}},"fnMap":{},"branchMap":{},"s":{"0":1},"f":{},"b":{}}
,"/Users/dung.nguyent/Desktop/Project/packages/money-to-text-vn/src/constants/numberList.ts": {"path":"/Users/dung.nguyent/Desktop/Project/packages/money-to-text-vn/src/constants/numberList.ts","statementMap":{"0":{"start":{"line":1,"column":13},"end":{"line":3,"column":null}}},"fnMap":{},"branchMap":{},"s":{"0":1},"f":{},"b":{}}
,"/Users/dung.nguyent/Desktop/Project/packages/money-to-text-vn/src/logic/convert.ts": {"path":"/Users/dung.nguyent/Desktop/Project/packages/money-to-text-vn/src/logic/convert.ts","statementMap":{"0":{"start":{"line":5,"column":0},"end":{"line":5,"column":16}},"1":{"start":{"line":32,"column":0},"end":{"line":32,"column":16}},"2":{"start":{"line":46,"column":0},"end":{"line":46,"column":16}},"3":{"start":{"line":68,"column":0},"end":{"line":68,"column":16}},"4":{"start":{"line":1,"column":0},"end":{"line":1,"column":48}},"5":{"start":{"line":3,"column":21},"end":{"line":3,"column":54}},"6":{"start":{"line":6,"column":24},"end":{"line":6,"column":26}},"7":{"start":{"line":7,"column":25},"end":{"line":7,"column":44}},"8":{"start":{"line":8,"column":26},"end":{"line":8,"column":33}},"9":{"start":{"line":10,"column":4},"end":{"line":22,"column":5}},"10":{"start":{"line":11,"column":8},"end":{"line":11,"column":51}},"11":{"start":{"line":12,"column":8},"end":{"line":14,"column":9}},"12":{"start":{"line":13,"column":12},"end":{"line":13,"column":28}},"13":{"start":{"line":15,"column":11},"end":{"line":22,"column":5}},"14":{"start":{"line":16,"column":8},"end":{"line":16,"column":24}},"15":{"start":{"line":17,"column":8},"end":{"line":19,"column":9}},"16":{"start":{"line":18,"column":12},"end":{"line":18,"column":28}},"17":{"start":{"line":20,"column":11},"end":{"line":22,"column":5}},"18":{"start":{"line":21,"column":8},"end":{"line":21,"column":22}},"19":{"start":{"line":24,"column":4},"end":{"line":28,"column":5}},"20":{"start":{"line":25,"column":8},"end":{"line":25,"column":24}},"21":{"start":{"line":26,"column":11},"end":{"line":28,"column":5}},"22":{"start":{"line":27,"column":8},"end":{"line":27,"column":43}},"23":{"start":{"line":29,"column":4},"end":{"line":29,"column":17}},"24":{"start":{"line":33,"column":24},"end":{"line":33,"column":26}},"25":{"start":{"line":34,"column":25},"end":{"line":34,"column":45}},"26":{"start":{"line":35,"column":4},"end":{"line":35,"column":18}},"27":{"start":{"line":37,"column":4},"end":{"line":42,"column":5}},"28":{"start":{"line":38,"column":8},"end":{"line":38,"column":51}},"29":{"start":{"line":39,"column":8},"end":{"line":39,"column":41}},"30":{"start":{"line":41,"column":8},"end":{"line":41,"column":41}},"31":{"start":{"line":43,"column":4},"end":{"line":43,"column":17}},"32":{"start":{"line":47,"column":24},"end":{"line":47,"column":26}},"33":{"start":{"line":48,"column":26},"end":{"line":48,"column":50}},"34":{"start":{"line":49,"column":4},"end":{"line":49,"column":22}},"35":{"start":{"line":51,"column":4},"end":{"line":54,"column":5}},"36":{"start":{"line":52,"column":8},"end":{"line":52,"column":51}},"37":{"start":{"line":53,"column":8},"end":{"line":53,"column":21}},"38":{"start":{"line":55,"column":26},"end":{"line":55,"column":47}},"39":{"start":{"line":56,"column":4},"end":{"line":56,"column":19}},"40":{"start":{"line":58,"column":4},"end":{"line":61,"column":5}},"41":{"start":{"line":59,"column":8},"end":{"line":59,"column":52}},"42":{"start":{"line":60,"column":8},"end":{"line":60,"column":21}},"43":{"start":{"line":62,"column":4},"end":{"line":64,"column":5}},"44":{"start":{"line":63,"column":8},"end":{"line":63,"column":38}},"45":{"start":{"line":65,"column":4},"end":{"line":65,"column":17}},"46":{"start":{"line":69,"column":4},"end":{"line":69,"column":41}},"47":{"start":{"line":69,"column":18},"end":{"line":69,"column":41}},"48":{"start":{"line":70,"column":24},"end":{"line":70,"column":26}},"49":{"start":{"line":71,"column":31},"end":{"line":71,"column":33}},"50":{"start":{"line":73,"column":4},"end":{"line":82,"column":21}},"51":{"start":{"line":74,"column":27},"end":{"line":74,"column":42}},"52":{"start":{"line":75,"column":8},"end":{"line":75,"column":41}},"53":{"start":{"line":76,"column":8},"end":{"line":80,"column":9}},"54":{"start":{"line":77,"column":12},"end":{"line":77,"column":73}},"55":{"start":{"line":79,"column":12},"end":{"line":79,"column":74}},"56":{"start":{"line":81,"column":8},"end":{"line":81,"column":29}},"57":{"start":{"line":83,"column":4},"end":{"line":83,"column":17}}},"fnMap":{"0":{"name":"convertDozens","decl":{"start":{"line":5,"column":16},"end":{"line":5,"column":29}},"loc":{"start":{"line":5,"column":56},"end":{"line":30,"column":1}}},"1":{"name":"readBlock","decl":{"start":{"line":32,"column":16},"end":{"line":32,"column":25}},"loc":{"start":{"line":32,"column":52},"end":{"line":44,"column":1}}},"2":{"name":"convertMilions","decl":{"start":{"line":46,"column":16},"end":{"line":46,"column":30}},"loc":{"start":{"line":46,"column":57},"end":{"line":66,"column":1}}},"3":{"name":"converMoneyToText","decl":{"start":{"line":68,"column":16},"end":{"line":68,"column":33}},"loc":{"start":{"line":68,"column":44},"end":{"line":84,"column":1}}}},"branchMap":{"0":{"loc":{"start":{"line":10,"column":4},"end":{"line":22,"column":5}},"type":"if","locations":[{"start":{"line":10,"column":4},"end":{"line":22,"column":5}},{"start":{"line":15,"column":11},"end":{"line":22,"column":5}}]},"1":{"loc":{"start":{"line":12,"column":8},"end":{"line":14,"column":9}},"type":"if","locations":[{"start":{"line":12,"column":8},"end":{"line":14,"column":9}}]},"2":{"loc":{"start":{"line":15,"column":11},"end":{"line":22,"column":5}},"type":"if","locations":[{"start":{"line":15,"column":11},"end":{"line":22,"column":5}},{"start":{"line":20,"column":11},"end":{"line":22,"column":5}}]},"3":{"loc":{"start":{"line":17,"column":8},"end":{"line":19,"column":9}},"type":"if","locations":[{"start":{"line":17,"column":8},"end":{"line":19,"column":9}}]},"4":{"loc":{"start":{"line":20,"column":11},"end":{"line":22,"column":5}},"type":"if","locations":[{"start":{"line":20,"column":11},"end":{"line":22,"column":5}}]},"5":{"loc":{"start":{"line":20,"column":15},"end":{"line":20,"column":33}},"type":"binary-expr","locations":[{"start":{"line":20,"column":15},"end":{"line":20,"column":20}},{"start":{"line":20,"column":24},"end":{"line":20,"column":33}}]},"6":{"loc":{"start":{"line":24,"column":4},"end":{"line":28,"column":5}},"type":"if","locations":[{"start":{"line":24,"column":4},"end":{"line":28,"column":5}},{"start":{"line":26,"column":11},"end":{"line":28,"column":5}}]},"7":{"loc":{"start":{"line":24,"column":8},"end":{"line":24,"column":31}},"type":"binary-expr","locations":[{"start":{"line":24,"column":8},"end":{"line":24,"column":19}},{"start":{"line":24,"column":23},"end":{"line":24,"column":31}}]},"8":{"loc":{"start":{"line":26,"column":11},"end":{"line":28,"column":5}},"type":"if","locations":[{"start":{"line":26,"column":11},"end":{"line":28,"column":5}}]},"9":{"loc":{"start":{"line":26,"column":15},"end":{"line":26,"column":55}},"type":"binary-expr","locations":[{"start":{"line":26,"column":15},"end":{"line":26,"column":24}},{"start":{"line":26,"column":29},"end":{"line":26,"column":40}},{"start":{"line":26,"column":44},"end":{"line":26,"column":54}}]},"10":{"loc":{"start":{"line":37,"column":4},"end":{"line":42,"column":5}},"type":"if","locations":[{"start":{"line":37,"column":4},"end":{"line":42,"column":5}},{"start":{"line":40,"column":11},"end":{"line":42,"column":5}}]},"11":{"loc":{"start":{"line":37,"column":8},"end":{"line":37,"column":25}},"type":"binary-expr","locations":[{"start":{"line":37,"column":8},"end":{"line":37,"column":13}},{"start":{"line":37,"column":17},"end":{"line":37,"column":25}}]},"12":{"loc":{"start":{"line":51,"column":4},"end":{"line":54,"column":5}},"type":"if","locations":[{"start":{"line":51,"column":4},"end":{"line":54,"column":5}}]},"13":{"loc":{"start":{"line":58,"column":4},"end":{"line":61,"column":5}},"type":"if","locations":[{"start":{"line":58,"column":4},"end":{"line":61,"column":5}}]},"14":{"loc":{"start":{"line":62,"column":4},"end":{"line":64,"column":5}},"type":"if","locations":[{"start":{"line":62,"column":4},"end":{"line":64,"column":5}}]},"15":{"loc":{"start":{"line":69,"column":4},"end":{"line":69,"column":41}},"type":"if","locations":[{"start":{"line":69,"column":4},"end":{"line":69,"column":41}}]},"16":{"loc":{"start":{"line":76,"column":8},"end":{"line":80,"column":9}},"type":"if","locations":[{"start":{"line":76,"column":8},"end":{"line":80,"column":9}},{"start":{"line":78,"column":15},"end":{"line":80,"column":9}}]}},"s":{"0":1,"1":1,"2":1,"3":1,"4":1,"5":1,"6":9,"7":9,"8":9,"9":9,"10":4,"11":4,"12":1,"13":5,"14":3,"15":3,"16":1,"17":2,"18":1,"19":9,"20":1,"21":8,"22":3,"23":9,"24":0,"25":0,"26":0,"27":0,"28":0,"29":0,"30":0,"31":0,"32":0,"33":0,"34":0,"35":0,"36":0,"37":0,"38":0,"39":0,"40":0,"41":0,"42":0,"43":0,"44":0,"45":0,"46":0,"47":0,"48":0,"49":0,"50":0,"51":0,"52":0,"53":0,"54":0,"55":0,"56":0,"57":0},"f":{"0":9,"1":0,"2":0,"3":0},"b":{"0":[4,5],"1":[1],"2":[3,2],"3":[1],"4":[1],"5":[2,1],"6":[1,8],"7":[9,4],"8":[3],"9":[8,5,2],"10":[0,0],"11":[0,0],"12":[0],"13":[0],"14":[0],"15":[0],"16":[0,0]}}
}
