TN:
SF:src/constants/index.ts
FNF:0
FNH:0
DA:1,1
LF:1
LH:1
BRF:0
BRH:0
end_of_record
TN:
SF:src/constants/numberList.ts
FNF:0
FNH:0
DA:1,1
LF:1
LH:1
BRF:0
BRH:0
end_of_record
TN:
SF:src/logic/convert.ts
FN:5,convertDozens
FN:32,readBlock
FN:46,convertMilions
FN:68,converMoneyToText
FNF:4
FNH:1
FNDA:9,convertDozens
FNDA:0,readBlock
FNDA:0,convertMilions
FNDA:0,converMoneyToText
DA:1,1
DA:3,1
DA:5,1
DA:6,9
DA:7,9
DA:8,9
DA:10,9
DA:11,4
DA:12,4
DA:13,1
DA:15,5
DA:16,3
DA:17,3
DA:18,1
DA:20,2
DA:21,1
DA:24,9
DA:25,1
DA:26,8
DA:27,3
DA:29,9
DA:32,1
DA:33,0
DA:34,0
DA:35,0
DA:37,0
DA:38,0
DA:39,0
DA:41,0
DA:43,0
DA:46,1
DA:47,0
DA:48,0
DA:49,0
DA:51,0
DA:52,0
DA:53,0
DA:55,0
DA:56,0
DA:58,0
DA:59,0
DA:60,0
DA:62,0
DA:63,0
DA:65,0
DA:68,1
DA:69,0
DA:70,0
DA:71,0
DA:73,0
DA:74,0
DA:75,0
DA:76,0
DA:77,0
DA:79,0
DA:81,0
DA:83,0
LF:57
LH:24
BRDA:10,0,0,4
BRDA:10,0,1,5
BRDA:12,1,0,1
BRDA:15,2,0,3
BRDA:15,2,1,2
BRDA:17,3,0,1
BRDA:20,4,0,1
BRDA:20,5,0,2
BRDA:20,5,1,1
BRDA:24,6,0,1
BRDA:24,6,1,8
BRDA:24,7,0,9
BRDA:24,7,1,4
BRDA:26,8,0,3
BRDA:26,9,0,8
BRDA:26,9,1,5
BRDA:26,9,2,2
BRDA:37,10,0,0
BRDA:37,10,1,0
BRDA:37,11,0,0
BRDA:37,11,1,0
BRDA:51,12,0,0
BRDA:58,13,0,0
BRDA:62,14,0,0
BRDA:69,15,0,0
BRDA:76,16,0,0
BRDA:76,16,1,0
BRF:27
BRH:17
end_of_record
